<?xml version="1.0" encoding="UTF-8"?>
<coverage generated="1507473470065" clover="3.2.0">
  <project timestamp="1507473470065" name="All files">
    <metrics statements="24" coveredstatements="24" conditionals="12" coveredconditionals="12" methods="4" coveredmethods="4" elements="40" coveredelements="40" complexity="0" loc="24" ncloc="24" packages="2" files="2" classes="2">
      <package name="src">
        <metrics statements="18" coveredstatements="18" conditionals="10" coveredconditionals="10" methods="2" coveredmethods="2"/>
        <file name="upload.js" path="/home/kalin/projects/apps/aws-node-signed-uploads/src/upload.js">
          <metrics statements="18" coveredstatements="18" conditionals="10" coveredconditionals="10" methods="2" coveredmethods="2"/>
          <line num="4" count="1" type="stmt"/>
          <line num="5" count="4" type="stmt"/>
          <line num="6" count="4" type="stmt"/>
          <line num="8" count="4" type="stmt"/>
          <line num="9" count="4" type="cond" truecount="2" falsecount="0"/>
          <line num="10" count="1" type="stmt"/>
          <line num="11" count="1" type="stmt"/>
          <line num="14" count="4" type="stmt"/>
          <line num="17" count="4" type="cond" truecount="4" falsecount="0"/>
          <line num="21" count="4" type="cond" truecount="2" falsecount="0"/>
          <line num="22" count="2" type="stmt"/>
          <line num="29" count="2" type="stmt"/>
          <line num="33" count="4" type="stmt"/>
          <line num="39" count="4" type="stmt"/>
          <line num="40" count="4" type="cond" truecount="2" falsecount="0"/>
          <line num="41" count="1" type="stmt"/>
          <line num="44" count="4" type="stmt"/>
          <line num="53" count="4" type="stmt"/>
        </file>
      </package>
      <package name="src.lib">
        <metrics statements="6" coveredstatements="6" conditionals="2" coveredconditionals="2" methods="2" coveredmethods="2"/>
        <file name="envVarsChecker.js" path="/home/kalin/projects/apps/aws-node-signed-uploads/src/lib/envVarsChecker.js">
          <metrics statements="6" coveredstatements="6" conditionals="2" coveredconditionals="2" methods="2" coveredmethods="2"/>
          <line num="2" count="7" type="stmt"/>
          <line num="3" count="7" type="stmt"/>
          <line num="5" count="7" type="stmt"/>
          <line num="6" count="14" type="cond" truecount="2" falsecount="0"/>
          <line num="7" count="6" type="stmt"/>
          <line num="11" count="7" type="stmt"/>
        </file>
      </package>
    </metrics>
  </project>
</coverage>
