{"/home/kalin/projects/apps/aws-node-signed-uploads/src/upload.js": {"path":"/home/kalin/projects/apps/aws-node-signed-uploads/src/upload.js","statementMap":{"0":{"start":{"line":4,"column":23},"end":{"line":55,"column":1}},"1":{"start":{"line":5,"column":17},"end":{"line":5,"column":35}},"2":{"start":{"line":6,"column":17},"end":{"line":6,"column":35}},"3":{"start":{"line":8,"column":18},"end":{"line":8,"column":38}},"4":{"start":{"line":9,"column":2},"end":{"line":12,"column":3}},"5":{"start":{"line":10,"column":17},"end":{"line":10,"column":35}},"6":{"start":{"line":11,"column":4},"end":{"line":11,"column":64}},"7":{"start":{"line":14,"column":13},"end":{"line":14,"column":59}},"8":{"start":{"line":17,"column":4},"end":{"line":19,"column":17}},"9":{"start":{"line":21,"column":2},"end":{"line":30,"column":3}},"10":{"start":{"line":22,"column":21},"end":{"line":27,"column":5}},"11":{"start":{"line":29,"column":4},"end":{"line":29,"column":29}},"12":{"start":{"line":33,"column":17},"end":{"line":37,"column":3}},"13":{"start":{"line":39,"column":2},"end":{"line":54,"column":5}},"14":{"start":{"line":40,"column":4},"end":{"line":42,"column":5}},"15":{"start":{"line":41,"column":6},"end":{"line":41,"column":20}},"16":{"start":{"line":44,"column":21},"end":{"line":51,"column":5}},"17":{"start":{"line":53,"column":4},"end":{"line":53,"column":29}}},"fnMap":{"0":{"name":"(anonymous_0)","decl":{"start":{"line":4,"column":23},"end":{"line":4,"column":24}},"loc":{"start":{"line":4,"column":53},"end":{"line":55,"column":1}},"line":4},"1":{"name":"(anonymous_1)","decl":{"start":{"line":39,"column":39},"end":{"line":39,"column":40}},"loc":{"start":{"line":39,"column":53},"end":{"line":54,"column":3}},"line":39}},"branchMap":{"0":{"loc":{"start":{"line":9,"column":2},"end":{"line":12,"column":3}},"type":"if","locations":[{"start":{"line":9,"column":2},"end":{"line":12,"column":3}},{"start":{"line":9,"column":2},"end":{"line":12,"column":3}}],"line":9},"1":{"loc":{"start":{"line":17,"column":4},"end":{"line":19,"column":17}},"type":"cond-expr","locations":[{"start":{"line":18,"column":8},"end":{"line":18,"column":39}},{"start":{"line":19,"column":8},"end":{"line":19,"column":17}}],"line":17},"2":{"loc":{"start":{"line":17,"column":4},"end":{"line":17,"column":52}},"type":"binary-expr","locations":[{"start":{"line":17,"column":4},"end":{"line":17,"column":17}},{"start":{"line":17,"column":21},"end":{"line":17,"column":52}}],"line":17},"3":{"loc":{"start":{"line":21,"column":2},"end":{"line":30,"column":3}},"type":"if","locations":[{"start":{"line":21,"column":2},"end":{"line":30,"column":3}},{"start":{"line":21,"column":2},"end":{"line":30,"column":3}}],"line":21},"4":{"loc":{"start":{"line":40,"column":4},"end":{"line":42,"column":5}},"type":"if","locations":[{"start":{"line":40,"column":4},"end":{"line":42,"column":5}},{"start":{"line":40,"column":4},"end":{"line":42,"column":5}}],"line":40}},"s":{"0":1,"1":4,"2":4,"3":4,"4":4,"5":1,"6":1,"7":4,"8":4,"9":4,"10":2,"11":2,"12":4,"13":4,"14":4,"15":1,"16":4,"17":4},"f":{"0":4,"1":4},"b":{"0":[1,3],"1":[2,2],"2":[4,2],"3":[2,2],"4":[1,3]},"_coverageSchema":"332fd63041d2c1bcb487cc26dd0d5f7d97098a6c","hash":"7b69918cf69fb31c7c5df18648ff01d2be453a57"}
,"/home/kalin/projects/apps/aws-node-signed-uploads/src/lib/envVarsChecker.js": {"path":"/home/kalin/projects/apps/aws-node-signed-uploads/src/lib/envVarsChecker.js","statementMap":{"0":{"start":{"line":2,"column":19},"end":{"line":2,"column":39}},"1":{"start":{"line":3,"column":18},"end":{"line":3,"column":20}},"2":{"start":{"line":5,"column":2},"end":{"line":9,"column":5}},"3":{"start":{"line":6,"column":4},"end":{"line":8,"column":5}},"4":{"start":{"line":7,"column":6},"end":{"line":7,"column":27}},"5":{"start":{"line":11,"column":2},"end":{"line":11,"column":17}}},"fnMap":{"0":{"name":"(anonymous_0)","decl":{"start":{"line":1,"column":15},"end":{"line":1,"column":16}},"loc":{"start":{"line":1,"column":22},"end":{"line":12,"column":1}},"line":1},"1":{"name":"(anonymous_1)","decl":{"start":{"line":5,"column":19},"end":{"line":5,"column":20}},"loc":{"start":{"line":5,"column":29},"end":{"line":9,"column":3}},"line":5}},"branchMap":{"0":{"loc":{"start":{"line":6,"column":4},"end":{"line":8,"column":5}},"type":"if","locations":[{"start":{"line":6,"column":4},"end":{"line":8,"column":5}},{"start":{"line":6,"column":4},"end":{"line":8,"column":5}}],"line":6}},"s":{"0":7,"1":7,"2":7,"3":14,"4":6,"5":7},"f":{"0":7,"1":14},"b":{"0":[6,8]},"_coverageSchema":"332fd63041d2c1bcb487cc26dd0d5f7d97098a6c","hash":"58f2db975b60787944a4e78aa0a934e6ea99ce9d"}
}
