TN:
SF:/home/kalin/projects/apps/aws-node-signed-uploads/src/upload.js
FN:4,(anonymous_0)
FN:39,(anonymous_1)
FNF:2
FNH:2
FNDA:4,(anonymous_0)
FNDA:4,(anonymous_1)
DA:4,1
DA:5,4
DA:6,4
DA:8,4
DA:9,4
DA:10,1
DA:11,1
DA:14,4
DA:17,4
DA:21,4
DA:22,2
DA:29,2
DA:33,4
DA:39,4
DA:40,4
DA:41,1
DA:44,4
DA:53,4
LF:18
LH:18
BRDA:9,0,0,1
BRDA:9,0,1,3
BRDA:17,1,0,2
BRDA:17,1,1,2
BRDA:17,2,0,4
BRDA:17,2,1,2
BRDA:21,3,0,2
BRDA:21,3,1,2
BRDA:40,4,0,1
BRDA:40,4,1,3
BRF:10
BRH:10
end_of_record
TN:
SF:/home/kalin/projects/apps/aws-node-signed-uploads/src/lib/envVarsChecker.js
FN:1,(anonymous_0)
FN:5,(anonymous_1)
FNF:2
FNH:2
FNDA:7,(anonymous_0)
FNDA:14,(anonymous_1)
DA:2,7
DA:3,7
DA:5,7
DA:6,14
DA:7,6
DA:11,7
LF:6
LH:6
BRDA:6,0,0,6
BRDA:6,0,1,8
BRF:2
BRH:2
end_of_record
